h:\upenn cggt\spring2022\cis660_advancedgraphics\assignments\hw1\hellomaya\hellomaya\x64\debug\vc142.pdb
h:\upenn cggt\spring2022\cis660_advancedgraphics\assignments\hw1\hellomaya\hellomaya\x64\debug\vc142.idb
h:\upenn cggt\spring2022\cis660_advancedgraphics\assignments\hw1\hellomaya\hellomaya\x64\debug\hello_maya.obj
h:\upenn cggt\spring2022\cis660_advancedgraphics\assignments\hw1\hello_maya_cpp\hellomaya\x64\debug\vc142.pdb
h:\upenn cggt\spring2022\cis660_advancedgraphics\assignments\hw1\hello_maya_cpp\hellomaya\x64\debug\vc142.idb
h:\upenn cggt\spring2022\cis660_advancedgraphics\assignments\hw1\hello_maya_cpp\hellomaya\x64\debug\hello_maya.obj
h:\upenn cggt\spring2022\cis660_advancedgraphics\assignments\hw1\hellomaya\x64\debug\hellomaya.lib
h:\upenn cggt\spring2022\cis660_advancedgraphics\assignments\hw1\hellomaya\x64\debug\hellomaya.exp
h:\upenn cggt\spring2022\cis660_advancedgraphics\assignments\hw1\hello_maya_cpp\x64\debug\hellomaya.lib
h:\upenn cggt\spring2022\cis660_advancedgraphics\assignments\hw1\hello_maya_cpp\x64\debug\hellomaya.exp
h:\upenn cggt\spring2022\cis660_advancedgraphics\assignments\hw1\hellomaya\x64\debug\hellomaya.mll
h:\upenn cggt\spring2022\cis660_advancedgraphics\assignments\hw1\hellomaya\hellomaya\x64\debug\hellomaya.ilk
h:\upenn cggt\spring2022\cis660_advancedgraphics\assignments\hw1\hellomaya\x64\debug\hellomaya.pdb
h:\upenn cggt\spring2022\cis660_advancedgraphics\assignments\hw1\hello_maya_cpp\x64\debug\hellomaya.mll
h:\upenn cggt\spring2022\cis660_advancedgraphics\assignments\hw1\hello_maya_cpp\hellomaya\x64\debug\hellomaya.ilk
h:\upenn cggt\spring2022\cis660_advancedgraphics\assignments\hw1\hello_maya_cpp\x64\debug\hellomaya.pdb
h:\upenn cggt\spring2022\cis660_advancedgraphics\assignments\hw1\hello_maya_cpp\hellomaya\x64\debug\hellomaya.tlog\cl.command.1.tlog
h:\upenn cggt\spring2022\cis660_advancedgraphics\assignments\hw1\hello_maya_cpp\hellomaya\x64\debug\hellomaya.tlog\cl.read.1.tlog
h:\upenn cggt\spring2022\cis660_advancedgraphics\assignments\hw1\hello_maya_cpp\hellomaya\x64\debug\hellomaya.tlog\cl.write.1.tlog
h:\upenn cggt\spring2022\cis660_advancedgraphics\assignments\hw1\hello_maya_cpp\hellomaya\x64\debug\hellomaya.tlog\hellomaya.write.1u.tlog
h:\upenn cggt\spring2022\cis660_advancedgraphics\assignments\hw1\hello_maya_cpp\hellomaya\x64\debug\hellomaya.tlog\link.command.1.tlog
h:\upenn cggt\spring2022\cis660_advancedgraphics\assignments\hw1\hello_maya_cpp\hellomaya\x64\debug\hellomaya.tlog\link.read.1.tlog
h:\upenn cggt\spring2022\cis660_advancedgraphics\assignments\hw1\hello_maya_cpp\hellomaya\x64\debug\hellomaya.tlog\link.write.1.tlog
